{
  "stats": {
    "suites": 1,
    "tests": 10,
    "passes": 10,
    "pending": 0,
    "failures": 0,
    "start": "2026-03-02T22:31:29.102Z",
    "end": "2026-03-02T22:31:32.430Z",
    "duration": 3328,
    "testsRegistered": 10,
    "passPercent": 100,
    "pendingPercent": 0,
    "other": 0,
    "hasOther": false,
    "skipped": 0,
    "hasSkipped": false
  },
  "results": [
    {
      "uuid": "22ea4c34-6a15-410c-8205-2419d7288736",
      "title": "",
      "fullFile": "cypress\\e2e\\users.cy.js",
      "file": "cypress\\e2e\\users.cy.js",
      "beforeHooks": [],
      "afterHooks": [],
      "tests": [],
      "suites": [
        {
          "uuid": "04707f91-5090-4b0a-a631-ded27007eb14",
          "title": "Users CRUD API",
          "fullFile": "",
          "file": "",
          "beforeHooks": [],
          "afterHooks": [],
          "tests": [
            {
              "title": "should create a new user",
              "fullTitle": "Users CRUD API should create a new user",
              "timedOut": null,
              "duration": 191,
              "state": "passed",
              "speed": "fast",
              "pass": true,
              "fail": false,
              "pending": false,
              "context": null,
              "code": "cy.request({\n  method: 'POST',\n  url: apiUrl,\n  body: {\n    nome: 'DTestUser-Gilgamesh',\n    email: `gilgameshtestxD@testapi.com`,\n    password: '1vaaavv23112',\n    administrador: 'true'\n  }\n}).then(response => {\n  cy.log(JSON.stringify(response.body));\n  userId = response.body._id; // Store user ID for later tests\n  expect(response.status).to.eq(201);\n  expect(response.body.message).to.eq('Cadastro realizado com sucesso');\n  expect(response.body._id).to.eq(userId);\n});",
              "err": {},
              "uuid": "ebd252ba-63a1-4f6f-84a4-b7adf5663f17",
              "parentUUID": "04707f91-5090-4b0a-a631-ded27007eb14",
              "isHook": false,
              "skipped": false
            },
            {
              "title": "should fail to create a user with existing email",
              "fullTitle": "Users CRUD API should fail to create a user with existing email",
              "timedOut": null,
              "duration": 179,
              "state": "passed",
              "speed": "fast",
              "pass": true,
              "fail": false,
              "pending": false,
              "context": null,
              "code": "cy.request({\n  method: 'POST',\n  url: apiUrl,\n  body: {\n    nome: 'FTestUser-Gilgamesh',\n    email: 'gilgameshtestxD@testapi.com',\n    // Use the same email as before\n    password: '1vvvvv23112',\n    administrador: 'true'\n  },\n  failOnStatusCode: false\n}).then(response => {\n  expect(response.status).to.eq(400);\n  expect(response.body.message).to.eq('Este email já está sendo usado');\n});",
              "err": {},
              "uuid": "927e3fbb-92de-46cd-b4c1-ad76a1858dba",
              "parentUUID": "04707f91-5090-4b0a-a631-ded27007eb14",
              "isHook": false,
              "skipped": false
            },
            {
              "title": "should list all users",
              "fullTitle": "Users CRUD API should list all users",
              "timedOut": null,
              "duration": 224,
              "state": "passed",
              "speed": "fast",
              "pass": true,
              "fail": false,
              "pending": false,
              "context": null,
              "code": "cy.request('GET', apiUrl).then(response => {\n  expect(response.status).to.eq(200);\n  expect(response.body.quantidade).to.be.a('number');\n  expect(response.body.usuarios).to.be.an('array');\n});",
              "err": {},
              "uuid": "bfe22567-a4cb-4c7e-8886-6d20115bffb3",
              "parentUUID": "04707f91-5090-4b0a-a631-ded27007eb14",
              "isHook": false,
              "skipped": false
            },
            {
              "title": "should list an user by id",
              "fullTitle": "Users CRUD API should list an user by id",
              "timedOut": null,
              "duration": 173,
              "state": "passed",
              "speed": "fast",
              "pass": true,
              "fail": false,
              "pending": false,
              "context": null,
              "code": "cy.request({\n  method: 'GET',\n  url: `${apiUrl}/${userId}`,\n  failOnStatusCode: false\n}).then(response => {\n  expect(response.status).to.eq(200);\n  expect(response.body._id).to.eq(userId);\n  expect(response.body.nome).to.eq('DTestUser-Gilgamesh');\n  expect(response.body.email).to.eq('gilgameshtestxD@testapi.com');\n});",
              "err": {},
              "uuid": "031ef296-d3e2-4ecc-a148-1995f495f7c5",
              "parentUUID": "04707f91-5090-4b0a-a631-ded27007eb14",
              "isHook": false,
              "skipped": false
            },
            {
              "title": "should fail to list an user with invalid id",
              "fullTitle": "Users CRUD API should fail to list an user with invalid id",
              "timedOut": null,
              "duration": 195,
              "state": "passed",
              "speed": "fast",
              "pass": true,
              "fail": false,
              "pending": false,
              "context": null,
              "code": "cy.request({\n  method: 'GET',\n  url: `${apiUrl}/GxxeufdelPG0dpPC`,\n  // Use an invalid user ID\n  failOnStatusCode: false\n}).then(response => {\n  expect(response.status).to.eq(400);\n  expect(response.body.message).to.eq('Usuário não encontrado');\n});",
              "err": {},
              "uuid": "0945ac1f-171e-405e-8be6-6ad5227b397b",
              "parentUUID": "04707f91-5090-4b0a-a631-ded27007eb14",
              "isHook": false,
              "skipped": false
            },
            {
              "title": "should update an user",
              "fullTitle": "Users CRUD API should update an user",
              "timedOut": null,
              "duration": 180,
              "state": "passed",
              "speed": "fast",
              "pass": true,
              "fail": false,
              "pending": false,
              "context": null,
              "code": "cy.request({\n  method: 'PUT',\n  url: `${apiUrl}/${userId}`,\n  body: {\n    nome: 'DTestUser-Gilgamesh-Updated',\n    email: 'gilgameshtestxD-updated@testapi.com',\n    password: '1vaaavv23112',\n    administrador: 'true'\n  }\n}).then(response => {\n  expect(response.status).to.eq(200);\n  expect(response.body.message).to.eq('Registro alterado com sucesso');\n});",
              "err": {},
              "uuid": "2c3f7c96-7d77-4e10-a4a6-0a8835a37553",
              "parentUUID": "04707f91-5090-4b0a-a631-ded27007eb14",
              "isHook": false,
              "skipped": false
            },
            {
              "title": "should fail to update an user with already used email",
              "fullTitle": "Users CRUD API should fail to update an user with already used email",
              "timedOut": null,
              "duration": 358,
              "state": "passed",
              "speed": "fast",
              "pass": true,
              "fail": false,
              "pending": false,
              "context": null,
              "code": "//Create another user to have an email to test the update with existing email scenario\nconst secondEmail = `user_${Date.now()}@testapi.com`;\ncy.request({\n  method: 'POST',\n  url: apiUrl,\n  body: {\n    nome: 'Another User',\n    email: secondEmail,\n    password: '1vaaavv23112',\n    administrador: 'true'\n  }\n}).then(response => {});\n// Attempt to update the first user with the email of the second user\ncy.request({\n  method: 'PUT',\n  url: `${apiUrl}/${userId}`,\n  body: {\n    nome: 'Another User Updated',\n    email: secondEmail,\n    // Use an already existing email\n    password: '1vaaavv23112',\n    administrador: 'true'\n  },\n  failOnStatusCode: false\n}).then(response => {\n  expect(response.status).to.eq(400);\n  expect(response.body.message).to.eq('Este email já está sendo usado');\n});",
              "err": {},
              "uuid": "49432c9f-1204-4320-baec-4a91837db12d",
              "parentUUID": "04707f91-5090-4b0a-a631-ded27007eb14",
              "isHook": false,
              "skipped": false
            },
            {
              "title": "should delete an user",
              "fullTitle": "Users CRUD API should delete an user",
              "timedOut": null,
              "duration": 369,
              "state": "passed",
              "speed": "fast",
              "pass": true,
              "fail": false,
              "pending": false,
              "context": null,
              "code": "cy.deleteUser(userId).then(() => {\n  // Check if the user was deleted by trying to get the user data\n  cy.request({\n    method: 'GET',\n    url: `${apiUrl}/${userId}`,\n    failOnStatusCode: false\n  }).then(response => {\n    expect(response.status).to.eq(400);\n    expect(response.body.message).to.eq('Usuário não encontrado');\n  });\n});",
              "err": {},
              "uuid": "3ab5a602-bd57-4f8c-b7bf-7777144ee572",
              "parentUUID": "04707f91-5090-4b0a-a631-ded27007eb14",
              "isHook": false,
              "skipped": false
            },
            {
              "title": "should fail to delete an user with invalid id",
              "fullTitle": "Users CRUD API should fail to delete an user with invalid id",
              "timedOut": null,
              "duration": 189,
              "state": "passed",
              "speed": "fast",
              "pass": true,
              "fail": false,
              "pending": false,
              "context": null,
              "code": "cy.request({\n  method: 'DELETE',\n  url: `${apiUrl}/GxxeufdelPG0dpPC`,\n  // Use an invalid user ID\n  failOnStatusCode: false\n}).then(response => {\n  expect(response.status).to.eq(200);\n  expect(response.body.message).to.eq('Nenhum registro excluído');\n});",
              "err": {},
              "uuid": "5f18c7ab-7397-4db9-afc9-0c42ced7e877",
              "parentUUID": "04707f91-5090-4b0a-a631-ded27007eb14",
              "isHook": false,
              "skipped": false
            },
            {
              "title": "should not delete an user with cart not empty",
              "fullTitle": "Users CRUD API should not delete an user with cart not empty",
              "timedOut": null,
              "duration": 1070,
              "state": "passed",
              "speed": "fast",
              "pass": true,
              "fail": false,
              "pending": false,
              "context": null,
              "code": "let authToken;\nlet productId;\n// Create a user, login, create a product, add to cart and then try to delete the user\ncy.fixture('user').then(userData => {\n  const uniqueEmail = `user_${Date.now()}@testapi.com`;\n  cy.createUser(_objectSpread({}, userData)).then(({\n    email,\n    password,\n    userId\n  }) => {\n    const newUserId = userId; // Store the new user ID for use in cart tests\n    cy.Login(email, password).then(token => {\n      authToken = token; // Store the token for use in subsequent requests\n      // Create a product to be added to cart\n      cy.fixture('product').then(productData => {\n        const uniqueProductName = `Mouse Logitech ${Date.now()}`;\n        cy.createProduct(_objectSpread(_objectSpread({}, productData), {}, {\n          nome: uniqueProductName\n        }), authToken).then(id => {\n          productId = id; // Store product ID for use in cart tests\n          // Add product to cart\n          cy.request({\n            method: 'POST',\n            url: '/carrinhos',\n            headers: {\n              Authorization: authToken\n            },\n            body: {\n              produtos: [{\n                idProduto: productId,\n                quantidade: 1\n              }]\n            }\n          }).then(response => {\n            expect(response.status).to.eq(201);\n            expect(response.body.message).to.eq('Cadastro realizado com sucesso');\n            cy.deleteUser(newUserId).then(() => {\n              // Check if the user was deleted or not based on the response of deleteUser command\n              cy.request({\n                method: 'GET',\n                url: `${apiUrl}/${newUserId}`,\n                failOnStatusCode: false\n              }).then(response => {\n                expect(response.status).to.eq(200);\n                expect(response.body._id).to.eq(newUserId); // If user is not deleted, it should return the user data\n              });\n            });\n          });\n        });\n      });\n    });\n  });\n});",
              "err": {},
              "uuid": "138a5a3e-a372-41d6-a16a-a990371afb2d",
              "parentUUID": "04707f91-5090-4b0a-a631-ded27007eb14",
              "isHook": false,
              "skipped": false
            }
          ],
          "suites": [],
          "passes": [
            "ebd252ba-63a1-4f6f-84a4-b7adf5663f17",
            "927e3fbb-92de-46cd-b4c1-ad76a1858dba",
            "bfe22567-a4cb-4c7e-8886-6d20115bffb3",
            "031ef296-d3e2-4ecc-a148-1995f495f7c5",
            "0945ac1f-171e-405e-8be6-6ad5227b397b",
            "2c3f7c96-7d77-4e10-a4a6-0a8835a37553",
            "49432c9f-1204-4320-baec-4a91837db12d",
            "3ab5a602-bd57-4f8c-b7bf-7777144ee572",
            "5f18c7ab-7397-4db9-afc9-0c42ced7e877",
            "138a5a3e-a372-41d6-a16a-a990371afb2d"
          ],
          "failures": [],
          "pending": [],
          "skipped": [],
          "duration": 3128,
          "root": false,
          "rootEmpty": false,
          "_timeout": 2000
        }
      ],
      "passes": [],
      "failures": [],
      "pending": [],
      "skipped": [],
      "duration": 0,
      "root": true,
      "rootEmpty": true,
      "_timeout": 2000
    }
  ],
  "meta": {
    "mocha": {
      "version": "7.2.0"
    },
    "mochawesome": {
      "options": {
        "quiet": false,
        "reportFilename": "mochawesome",
        "saveHtml": false,
        "saveJson": true,
        "consoleReporter": "spec",
        "useInlineDiffs": false,
        "code": true
      },
      "version": "7.1.4"
    },
    "marge": {
      "options": {
        "reportDir": "cypress/reports/mocha",
        "overwrite": false,
        "html": false,
        "json": true
      },
      "version": "6.3.2"
    }
  }
}