{
  "stats": {
    "suites": 1,
    "tests": 13,
    "passes": 13,
    "pending": 0,
    "failures": 0,
    "start": "2026-03-02T22:31:21.325Z",
    "end": "2026-03-02T22:31:27.518Z",
    "duration": 6193,
    "testsRegistered": 13,
    "passPercent": 100,
    "pendingPercent": 0,
    "other": 0,
    "hasOther": false,
    "skipped": 0,
    "hasSkipped": false
  },
  "results": [
    {
      "uuid": "1e197daf-63f6-4d39-a1d4-20098df0b3c7",
      "title": "",
      "fullFile": "cypress\\e2e\\products.cy.js",
      "file": "cypress\\e2e\\products.cy.js",
      "beforeHooks": [],
      "afterHooks": [],
      "tests": [],
      "suites": [
        {
          "uuid": "9b9d4628-052f-4bae-bf31-f71b4f3897d3",
          "title": "Products CRUD API",
          "fullFile": "",
          "file": "",
          "beforeHooks": [],
          "afterHooks": [],
          "tests": [
            {
              "title": "should create a new product",
              "fullTitle": "Products CRUD API should create a new product",
              "timedOut": null,
              "duration": 541,
              "state": "passed",
              "speed": "fast",
              "pass": true,
              "fail": false,
              "pending": false,
              "context": null,
              "code": "originalProductName = `Test Product ${Date.now()}`; // Generate a unique product name\ncy.request({\n  method: 'POST',\n  url: apiUrl,\n  headers: {\n    Authorization: authToken // Use the token for authentication\n  },\n  body: {\n    nome: originalProductName,\n    // Use the unique product name\n    preco: 99,\n    descricao: 'A keyboard with mechanical switches',\n    quantidade: 10\n  }\n}).then(response => {\n  productId = response.body._id;\n  expect(response.status).to.eq(201);\n  expect(response.body.message).to.eq('Cadastro realizado com sucesso');\n  expect(response.body).to.have.property('_id').that.is.a('string');\n});",
              "err": {},
              "uuid": "387c6095-a124-4c15-a4b1-6088ab8d9b6f",
              "parentUUID": "9b9d4628-052f-4bae-bf31-f71b4f3897d3",
              "isHook": false,
              "skipped": false
            },
            {
              "title": "should not create a product with same name",
              "fullTitle": "Products CRUD API should not create a product with same name",
              "timedOut": null,
              "duration": 229,
              "state": "passed",
              "speed": "fast",
              "pass": true,
              "fail": false,
              "pending": false,
              "context": null,
              "code": "cy.request({\n  method: 'POST',\n  url: apiUrl,\n  headers: {\n    Authorization: authToken\n  },\n  body: {\n    nome: originalProductName,\n    // Same name as before\n    preco: 89,\n    descricao: 'Another mechanical keyboard with the same name',\n    quantidade: 5\n  },\n  failOnStatusCode: false\n}).then(response => {\n  expect(response.status).to.eq(400);\n  expect(response.body.message).to.eq('Já existe produto com esse nome');\n});",
              "err": {},
              "uuid": "d7a449a1-c107-4d89-8fba-7df8df28f138",
              "parentUUID": "9b9d4628-052f-4bae-bf31-f71b4f3897d3",
              "isHook": false,
              "skipped": false
            },
            {
              "title": "should not create a product with invalid token",
              "fullTitle": "Products CRUD API should not create a product with invalid token",
              "timedOut": null,
              "duration": 301,
              "state": "passed",
              "speed": "fast",
              "pass": true,
              "fail": false,
              "pending": false,
              "context": null,
              "code": "cy.request({\n  method: 'POST',\n  url: apiUrl,\n  headers: {\n    Authorization: 'Bearer invalidtoken123'\n  },\n  body: {\n    nome: 'Invalid Token Product',\n    preco: 49,\n    descricao: 'This product should not be created',\n    quantidade: 3\n  },\n  failOnStatusCode: false\n}).then(response => {\n  expect(response.status).to.eq(401);\n  expect(response.body.message).to.eq('Token de acesso ausente, inválido, expirado ou usuário do token não existe mais');\n});",
              "err": {},
              "uuid": "bd483080-9bd4-487a-9455-22796e2b735e",
              "parentUUID": "9b9d4628-052f-4bae-bf31-f71b4f3897d3",
              "isHook": false,
              "skipped": false
            },
            {
              "title": "should not create a product with non-admin user token",
              "fullTitle": "Products CRUD API should not create a product with non-admin user token",
              "timedOut": null,
              "duration": 580,
              "state": "passed",
              "speed": "fast",
              "pass": true,
              "fail": false,
              "pending": false,
              "context": null,
              "code": "// First, create a non-admin user and get their token\nconst nonAdminUser = _objectSpread(_objectSpread({}, globalUserData), {}, {\n  administrador: 'false'\n});\nconst nonAdminProductName = `Test Product ${Date.now()}`; // Generate a unique product name for this test\ncy.createUser(nonAdminUser).then(user => {\n  cy.Login(user.email, user.password).then(token => {\n    // Now try to create a product with the non-admin user's token\n    cy.request({\n      method: 'POST',\n      url: apiUrl,\n      headers: {\n        Authorization: token\n      },\n      body: {\n        nome: nonAdminProductName,\n        preco: 59,\n        descricao: 'This product should not be created by non-admin user',\n        quantidade: 7\n      },\n      failOnStatusCode: false\n    }).then(response => {\n      expect(response.status).to.eq(403);\n      expect(response.body.message).to.eq('Rota exclusiva para administradores');\n    });\n  });\n});",
              "err": {},
              "uuid": "eae8d6d8-e876-44e1-907a-c3b204692a8c",
              "parentUUID": "9b9d4628-052f-4bae-bf31-f71b4f3897d3",
              "isHook": false,
              "skipped": false
            },
            {
              "title": "should list all products",
              "fullTitle": "Products CRUD API should list all products",
              "timedOut": null,
              "duration": 359,
              "state": "passed",
              "speed": "fast",
              "pass": true,
              "fail": false,
              "pending": false,
              "context": null,
              "code": "cy.request('GET', apiUrl).then(response => {\n  expect(response.status).to.eq(200);\n  expect(response.body.quantidade).to.be.a('number');\n  expect(response.body.produtos).to.be.an('array');\n  expect(response.body.produtos.length).to.eq(response.body.quantidade);\n});",
              "err": {},
              "uuid": "68b59c28-06e2-427b-8ea5-a95ff63a5291",
              "parentUUID": "9b9d4628-052f-4bae-bf31-f71b4f3897d3",
              "isHook": false,
              "skipped": false
            },
            {
              "title": "should list a product by id",
              "fullTitle": "Products CRUD API should list a product by id",
              "timedOut": null,
              "duration": 211,
              "state": "passed",
              "speed": "fast",
              "pass": true,
              "fail": false,
              "pending": false,
              "context": null,
              "code": "cy.request({\n  method: 'GET',\n  url: `${apiUrl}/${productId}`,\n  failOnStatusCode: false\n}).then(response => {\n  expect(response.status).to.eq(200);\n  expect(response.body._id).to.eq(productId);\n  expect(response.body.nome).to.eq(originalProductName);\n  expect(response.body.preco).to.eq(99);\n});",
              "err": {},
              "uuid": "ef347389-9671-4afb-92ad-c31b48e4474c",
              "parentUUID": "9b9d4628-052f-4bae-bf31-f71b4f3897d3",
              "isHook": false,
              "skipped": false
            },
            {
              "title": "should not list a product with invalid id",
              "fullTitle": "Products CRUD API should not list a product with invalid id",
              "timedOut": null,
              "duration": 223,
              "state": "passed",
              "speed": "fast",
              "pass": true,
              "fail": false,
              "pending": false,
              "context": null,
              "code": "cy.request({\n  method: 'GET',\n  url: `${apiUrl}/invalidId1234567`,\n  // Use an invalid product ID\n  failOnStatusCode: false\n}).then(response => {\n  expect(response.status).to.eq(400);\n  expect(response.body.message).to.eq('Produto não encontrado');\n});",
              "err": {},
              "uuid": "084ece25-0508-47d6-9970-d3b09fbd8ca2",
              "parentUUID": "9b9d4628-052f-4bae-bf31-f71b4f3897d3",
              "isHook": false,
              "skipped": false
            },
            {
              "title": "should filter products by price",
              "fullTitle": "Products CRUD API should filter products by price",
              "timedOut": null,
              "duration": 239,
              "state": "passed",
              "speed": "fast",
              "pass": true,
              "fail": false,
              "pending": false,
              "context": null,
              "code": "cy.request({\n  method: 'GET',\n  url: `${apiUrl}?preco=99`\n}).then(response => {\n  expect(response.status).to.eq(200);\n  expect(response.body.produtos).to.be.an('array');\n  expect(response.body.produtos.length).to.be.greaterThan(0);\n  response.body.produtos.forEach(product => {\n    expect(product.preco).to.eq(99);\n  });\n});",
              "err": {},
              "uuid": "433e6f05-51aa-4682-8152-cbaccbafd034",
              "parentUUID": "9b9d4628-052f-4bae-bf31-f71b4f3897d3",
              "isHook": false,
              "skipped": false
            },
            {
              "title": "should filter products by quantity",
              "fullTitle": "Products CRUD API should filter products by quantity",
              "timedOut": null,
              "duration": 359,
              "state": "passed",
              "speed": "fast",
              "pass": true,
              "fail": false,
              "pending": false,
              "context": null,
              "code": "cy.request({\n  method: 'GET',\n  url: `${apiUrl}?quantidade=10`\n}).then(response => {\n  expect(response.status).to.eq(200);\n  expect(response.body.produtos).to.be.an('array');\n  expect(response.body.produtos.length).to.be.greaterThan(0);\n  response.body.produtos.forEach(product => {\n    expect(product.quantidade).to.eq(10);\n  });\n});",
              "err": {},
              "uuid": "4e181563-c1c6-40a4-8f49-8b468a2da7dc",
              "parentUUID": "9b9d4628-052f-4bae-bf31-f71b4f3897d3",
              "isHook": false,
              "skipped": false
            },
            {
              "title": "should update a product",
              "fullTitle": "Products CRUD API should update a product",
              "timedOut": null,
              "duration": 641,
              "state": "passed",
              "speed": "fast",
              "pass": true,
              "fail": false,
              "pending": false,
              "context": null,
              "code": "const productToUpdate = `Update Test Product ${Date.now()}`; // Generate a unique product name for this test\nconst updatedProductName = `Updated Test Product ${Date.now()}`; // Generate a unique updated product name for this test\n// First, create a product to be updated\ncy.request({\n  method: 'POST',\n  url: apiUrl,\n  headers: {\n    Authorization: authToken\n  },\n  body: {\n    nome: productToUpdate,\n    preco: 59,\n    descricao: 'Original Description for the product to be updated',\n    quantidade: 20\n  }\n}).then(response => {\n  expect(response.status).to.eq(201);\n  const idToUpdate = response.body._id;\n  cy.request({\n    method: 'PUT',\n    url: `${apiUrl}/${idToUpdate}`,\n    headers: {\n      Authorization: authToken\n    },\n    body: {\n      nome: updatedProductName,\n      preco: 79,\n      descricao: 'Updated description for the mechanical keyboard',\n      quantidade: 15\n    }\n  }).then(response => {\n    expect(response.status).to.eq(200);\n    expect(response.body.message).to.eq('Registro alterado com sucesso');\n    // Verify the product is actually updated\n    cy.request({\n      method: 'GET',\n      url: `${apiUrl}/${idToUpdate}`\n    }).then(response => {\n      expect(response.body.nome).to.eq(updatedProductName);\n    });\n  });\n});",
              "err": {},
              "uuid": "ffcc5db4-739e-40c9-a2ff-724ba3e1457d",
              "parentUUID": "9b9d4628-052f-4bae-bf31-f71b4f3897d3",
              "isHook": false,
              "skipped": false
            },
            {
              "title": "should not update a product with same name",
              "fullTitle": "Products CRUD API should not update a product with same name",
              "timedOut": null,
              "duration": 427,
              "state": "passed",
              "speed": "fast",
              "pass": true,
              "fail": false,
              "pending": false,
              "context": null,
              "code": "const productName = `Test Product ${Date.now()}`; // Generate a unique product name for this test\ncy.request({\n  method: 'POST',\n  url: apiUrl,\n  headers: {\n    Authorization: authToken\n  },\n  body: {\n    nome: productName,\n    preco: 59,\n    descricao: 'Another mechanical keyboard for testing',\n    quantidade: 20\n  }\n}).then(response => {\n  expect(response.status).to.eq(201);\n  // Now try to update the first product with the same name as the second product\n  cy.request({\n    method: 'PUT',\n    url: `${apiUrl}/${productId}`,\n    headers: {\n      Authorization: authToken\n    },\n    body: {\n      nome: productName,\n      // Same name as the second product\n      preco: 89,\n      descricao: 'Updated description with duplicate name',\n      quantidade: 5\n    },\n    failOnStatusCode: false\n  }).then(response => {\n    expect(response.status).to.eq(400);\n    expect(response.body.message).to.eq('Já existe produto com esse nome');\n  });\n});",
              "err": {},
              "uuid": "b8dbeb78-9abe-41b1-93ad-f6909991aa8c",
              "parentUUID": "9b9d4628-052f-4bae-bf31-f71b4f3897d3",
              "isHook": false,
              "skipped": false
            },
            {
              "title": "should delete a product",
              "fullTitle": "Products CRUD API should delete a product",
              "timedOut": null,
              "duration": 575,
              "state": "passed",
              "speed": "fast",
              "pass": true,
              "fail": false,
              "pending": false,
              "context": null,
              "code": "const productToDeleteName = `Delete Test Product ${Date.now()}`; // Generate a unique product name for this test\n// First, create a product to be deleted\ncy.request({\n  method: 'POST',\n  url: apiUrl,\n  headers: {\n    Authorization: authToken\n  },\n  body: {\n    nome: productToDeleteName,\n    preco: 49,\n    descricao: 'This product will be deleted in the test',\n    quantidade: 1\n  }\n}).then(response => {\n  const idToDelete = response.body._id; // Store the ID of the product to be deleted\n  // Now delete the product\n  cy.request({\n    method: 'DELETE',\n    url: `${apiUrl}/${idToDelete}`,\n    headers: {\n      Authorization: authToken\n    }\n  }).then(response => {\n    expect(response.status).to.eq(200);\n    expect(response.body.message).to.eq('Registro excluído com sucesso');\n    // Verify the product is actually deleted\n    cy.request({\n      method: 'GET',\n      url: `${apiUrl}/${idToDelete}`,\n      failOnStatusCode: false\n    }).then(response => {\n      expect(response.status).to.eq(400);\n      expect(response.body.message).to.eq('Produto não encontrado');\n    });\n  });\n});",
              "err": {},
              "uuid": "b9e3425c-6034-4ee5-bdf7-940458c2cead",
              "parentUUID": "9b9d4628-052f-4bae-bf31-f71b4f3897d3",
              "isHook": false,
              "skipped": false
            },
            {
              "title": "should not delete a product that is in a cart",
              "fullTitle": "Products CRUD API should not delete a product that is in a cart",
              "timedOut": null,
              "duration": 903,
              "state": "passed",
              "speed": "fast",
              "pass": true,
              "fail": false,
              "pending": false,
              "context": null,
              "code": "let cartId;\nconst productInCartName = `Cart Product ${Date.now()}`; // Generate a unique product name for this test\n// First, create a product to be added to cart\ncy.request({\n  method: 'POST',\n  url: apiUrl,\n  headers: {\n    Authorization: authToken\n  },\n  body: {\n    nome: productInCartName,\n    preco: 59,\n    descricao: 'This product will be added to cart and should not be deleted',\n    quantidade: 20\n  }\n}).then(response => {\n  const productInCartId = response.body._id; // Store the ID of the product to be added to cart\n  // Add the product to cart\n  cy.request({\n    method: 'POST',\n    url: '/carrinhos',\n    headers: {\n      Authorization: authToken\n    },\n    body: {\n      produtos: [{\n        idProduto: productInCartId,\n        quantidade: 1\n      }]\n    }\n  }).then(response => {\n    cartId = response.body._id; // Store the cart ID for cleanup\n    // Now try to delete the product that is in the cart\n    cy.request({\n      method: 'DELETE',\n      url: `${apiUrl}/${productInCartId}`,\n      headers: {\n        Authorization: authToken\n      },\n      failOnStatusCode: false\n    }).then(response => {\n      expect(response.status).to.eq(400);\n      expect(response.body.message).to.eq('Não é permitido excluir produto que faz parte de carrinho');\n      // Cleanup: delete the cart and then the product\n      cy.deleteCart(cartId, authToken).then(() => {\n        cy.request({\n          method: 'DELETE',\n          url: `${apiUrl}/${productInCartId}`,\n          headers: {\n            Authorization: authToken\n          }\n        }).then(response => {\n          expect(response.status).to.eq(200);\n        });\n      });\n    });\n  });\n});",
              "err": {},
              "uuid": "2e115343-6128-4416-ad40-c7495acd85b2",
              "parentUUID": "9b9d4628-052f-4bae-bf31-f71b4f3897d3",
              "isHook": false,
              "skipped": false
            }
          ],
          "suites": [],
          "passes": [
            "387c6095-a124-4c15-a4b1-6088ab8d9b6f",
            "d7a449a1-c107-4d89-8fba-7df8df28f138",
            "bd483080-9bd4-487a-9455-22796e2b735e",
            "eae8d6d8-e876-44e1-907a-c3b204692a8c",
            "68b59c28-06e2-427b-8ea5-a95ff63a5291",
            "ef347389-9671-4afb-92ad-c31b48e4474c",
            "084ece25-0508-47d6-9970-d3b09fbd8ca2",
            "433e6f05-51aa-4682-8152-cbaccbafd034",
            "4e181563-c1c6-40a4-8f49-8b468a2da7dc",
            "ffcc5db4-739e-40c9-a2ff-724ba3e1457d",
            "b8dbeb78-9abe-41b1-93ad-f6909991aa8c",
            "b9e3425c-6034-4ee5-bdf7-940458c2cead",
            "2e115343-6128-4416-ad40-c7495acd85b2"
          ],
          "failures": [],
          "pending": [],
          "skipped": [],
          "duration": 5588,
          "root": false,
          "rootEmpty": false,
          "_timeout": 2000
        }
      ],
      "passes": [],
      "failures": [],
      "pending": [],
      "skipped": [],
      "duration": 0,
      "root": true,
      "rootEmpty": true,
      "_timeout": 2000
    }
  ],
  "meta": {
    "mocha": {
      "version": "7.2.0"
    },
    "mochawesome": {
      "options": {
        "quiet": false,
        "reportFilename": "mochawesome",
        "saveHtml": false,
        "saveJson": true,
        "consoleReporter": "spec",
        "useInlineDiffs": false,
        "code": true
      },
      "version": "7.1.4"
    },
    "marge": {
      "options": {
        "reportDir": "cypress/reports/mocha",
        "overwrite": false,
        "html": false,
        "json": true
      },
      "version": "6.3.2"
    }
  }
}