{
  "stats": {
    "suites": 1,
    "tests": 12,
    "passes": 12,
    "pending": 0,
    "failures": 0,
    "start": "2026-03-02T22:31:16.444Z",
    "end": "2026-03-02T22:31:19.959Z",
    "duration": 3515,
    "testsRegistered": 12,
    "passPercent": 100,
    "pendingPercent": 0,
    "other": 0,
    "hasOther": false,
    "skipped": 0,
    "hasSkipped": false
  },
  "results": [
    {
      "uuid": "4aec4362-7d57-47a4-b72e-f919d2a595c8",
      "title": "",
      "fullFile": "cypress\\e2e\\carts.cy.js",
      "file": "cypress\\e2e\\carts.cy.js",
      "beforeHooks": [],
      "afterHooks": [],
      "tests": [],
      "suites": [
        {
          "uuid": "cd721d99-46c2-41f4-8dbf-f0946886d8fb",
          "title": "Cart API",
          "fullFile": "",
          "file": "",
          "beforeHooks": [],
          "afterHooks": [],
          "tests": [
            {
              "title": "should create a new cart",
              "fullTitle": "Cart API should create a new cart",
              "timedOut": null,
              "duration": 920,
              "state": "passed",
              "speed": "fast",
              "pass": true,
              "fail": false,
              "pending": false,
              "context": null,
              "code": "cy.request({\n  method: 'POST',\n  url: apiUrl,\n  headers: {\n    Authorization: authToken\n  },\n  body: {\n    produtos: [{\n      idProduto: productId,\n      quantidade: 2\n    }]\n  }\n}).then(response => {\n  cartId = response.body._id;\n  expect(response.status).to.eq(201);\n  expect(response.body.message).to.eq('Cadastro realizado com sucesso');\n  expect(response.body).to.have.property('_id').that.is.a('string');\n  cy.deleteCart(cartId, authToken); // Clean up by deleting the cart after test\n});",
              "err": {},
              "uuid": "0b8b6e00-e301-422e-99f8-64e4723d9798",
              "parentUUID": "cd721d99-46c2-41f4-8dbf-f0946886d8fb",
              "isHook": false,
              "skipped": false
            },
            {
              "title": "should not create a cart without an existing product",
              "fullTitle": "Cart API should not create a cart without an existing product",
              "timedOut": null,
              "duration": 186,
              "state": "passed",
              "speed": "fast",
              "pass": true,
              "fail": false,
              "pending": false,
              "context": null,
              "code": "cy.request({\n  method: 'POST',\n  url: apiUrl,\n  headers: {\n    Authorization: authToken\n  },\n  body: {\n    produtos: [{\n      idProduto: 'emptyproductid12',\n      quantidade: 1\n    }]\n  },\n  failOnStatusCode: false\n}).then(response => {\n  expect(response.status).to.eq(400);\n  expect(response.body.message).to.eq('Produto não encontrado');\n});",
              "err": {},
              "uuid": "338506cc-a650-4094-a8ec-9f9836f60e56",
              "parentUUID": "cd721d99-46c2-41f4-8dbf-f0946886d8fb",
              "isHook": false,
              "skipped": false
            },
            {
              "title": "should not create a cart with more products than available in stock",
              "fullTitle": "Cart API should not create a cart with more products than available in stock",
              "timedOut": null,
              "duration": 182,
              "state": "passed",
              "speed": "fast",
              "pass": true,
              "fail": false,
              "pending": false,
              "context": null,
              "code": "cy.request({\n  method: 'POST',\n  url: apiUrl,\n  headers: {\n    Authorization: authToken\n  },\n  body: {\n    produtos: [{\n      idProduto: productId,\n      quantidade: 1000\n    }]\n  },\n  failOnStatusCode: false\n}).then(response => {\n  expect(response.status).to.eq(400);\n  expect(response.body.message).to.eq('Produto não possui quantidade suficiente');\n});",
              "err": {},
              "uuid": "aced104e-99a4-469b-a1ad-323302fa255f",
              "parentUUID": "cd721d99-46c2-41f4-8dbf-f0946886d8fb",
              "isHook": false,
              "skipped": false
            },
            {
              "title": "should not let duplicate products in the same cart",
              "fullTitle": "Cart API should not let duplicate products in the same cart",
              "timedOut": null,
              "duration": 179,
              "state": "passed",
              "speed": "fast",
              "pass": true,
              "fail": false,
              "pending": false,
              "context": null,
              "code": "cy.request({\n  method: 'POST',\n  url: apiUrl,\n  headers: {\n    Authorization: authToken\n  },\n  body: {\n    produtos: [{\n      idProduto: productId,\n      quantidade: 1\n    }, {\n      idProduto: productId,\n      quantidade: 1\n    }]\n  },\n  failOnStatusCode: false\n}).then(response => {\n  expect(response.status).to.eq(400);\n  expect(response.body.message).to.eq('Não é permitido possuir produto duplicado');\n});",
              "err": {},
              "uuid": "b9e98e29-fe87-4028-8e36-c0dde8d15a92",
              "parentUUID": "cd721d99-46c2-41f4-8dbf-f0946886d8fb",
              "isHook": false,
              "skipped": false
            },
            {
              "title": "should not let create more than one cart",
              "fullTitle": "Cart API should not let create more than one cart",
              "timedOut": null,
              "duration": 358,
              "state": "passed",
              "speed": "fast",
              "pass": true,
              "fail": false,
              "pending": false,
              "context": null,
              "code": "cy.createCart({\n  produtos: [{\n    idProduto: productId,\n    quantidade: 1\n  }]\n}, authToken).then(id => {\n  cartId = id;\n});\ncy.request({\n  method: 'POST',\n  url: apiUrl,\n  headers: {\n    Authorization: authToken\n  },\n  body: {\n    produtos: [{\n      idProduto: productId,\n      quantidade: 1\n    }]\n  },\n  failOnStatusCode: false\n}).then(response => {\n  expect(response.status).to.eq(400);\n  expect(response.body.message).to.eq('Não é permitido ter mais de 1 carrinho');\n});",
              "err": {},
              "uuid": "5965cd95-c79f-4c1c-855d-216dde3358b1",
              "parentUUID": "cd721d99-46c2-41f4-8dbf-f0946886d8fb",
              "isHook": false,
              "skipped": false
            },
            {
              "title": "should list all carts",
              "fullTitle": "Cart API should list all carts",
              "timedOut": null,
              "duration": 224,
              "state": "passed",
              "speed": "fast",
              "pass": true,
              "fail": false,
              "pending": false,
              "context": null,
              "code": "cy.request({\n  method: 'GET',\n  url: apiUrl,\n  headers: {\n    Authorization: authToken\n  }\n}).then(response => {\n  expect(response.status).to.eq(200);\n  expect(response.body.quantidade).to.be.a('number');\n  expect(response.body.carrinhos).to.be.an('array');\n});",
              "err": {},
              "uuid": "30bf0a4a-169b-4f82-9f2a-f9cf8888dcb9",
              "parentUUID": "cd721d99-46c2-41f4-8dbf-f0946886d8fb",
              "isHook": false,
              "skipped": false
            },
            {
              "title": "should delete a cart",
              "fullTitle": "Cart API should delete a cart",
              "timedOut": null,
              "duration": 181,
              "state": "passed",
              "speed": "fast",
              "pass": true,
              "fail": false,
              "pending": false,
              "context": null,
              "code": "cy.request({\n  method: 'DELETE',\n  url: `${apiUrl}/cancelar-compra`,\n  headers: {\n    Authorization: authToken\n  }\n}).then(response => {\n  expect(response.status).to.eq(200);\n  expect(response.body.message).to.eq('Registro excluído com sucesso. Estoque dos produtos reabastecido');\n});",
              "err": {},
              "uuid": "d5fc99b7-8177-4868-8a8c-91201a92f3e8",
              "parentUUID": "cd721d99-46c2-41f4-8dbf-f0946886d8fb",
              "isHook": false,
              "skipped": false
            },
            {
              "title": "should not delete a cart that does not exist",
              "fullTitle": "Cart API should not delete a cart that does not exist",
              "timedOut": null,
              "duration": 180,
              "state": "passed",
              "speed": "fast",
              "pass": true,
              "fail": false,
              "pending": false,
              "context": null,
              "code": "cy.request({\n  method: 'DELETE',\n  url: `${apiUrl}/cancelar-compra`,\n  headers: {\n    Authorization: authToken\n  },\n  failOnStatusCode: false\n}).then(response => {\n  expect(response.status).to.eq(200);\n  expect(response.body.message).to.eq('Não foi encontrado carrinho para esse usuário');\n});",
              "err": {},
              "uuid": "e1e4ea0b-3050-42fd-8cee-6411b092551c",
              "parentUUID": "cd721d99-46c2-41f4-8dbf-f0946886d8fb",
              "isHook": false,
              "skipped": false
            },
            {
              "title": "should not delete a cart without authentication",
              "fullTitle": "Cart API should not delete a cart without authentication",
              "timedOut": null,
              "duration": 180,
              "state": "passed",
              "speed": "fast",
              "pass": true,
              "fail": false,
              "pending": false,
              "context": null,
              "code": "cy.request({\n  method: 'DELETE',\n  url: `${apiUrl}/cancelar-compra`,\n  failOnStatusCode: false\n}).then(response => {\n  expect(response.status).to.eq(401);\n  expect(response.body.message).to.eq('Token de acesso ausente, inválido, expirado ou usuário do token não existe mais');\n});",
              "err": {},
              "uuid": "3b102202-7149-48dc-828f-61eafcb49fe5",
              "parentUUID": "cd721d99-46c2-41f4-8dbf-f0946886d8fb",
              "isHook": false,
              "skipped": false
            },
            {
              "title": "should not create a cart without authentication",
              "fullTitle": "Cart API should not create a cart without authentication",
              "timedOut": null,
              "duration": 184,
              "state": "passed",
              "speed": "fast",
              "pass": true,
              "fail": false,
              "pending": false,
              "context": null,
              "code": "cy.request({\n  method: 'POST',\n  url: apiUrl,\n  body: {\n    produtos: [{\n      idProduto: productId,\n      quantidade: 1\n    }]\n  },\n  failOnStatusCode: false\n}).then(response => {\n  expect(response.status).to.eq(401);\n  expect(response.body.message).to.eq('Token de acesso ausente, inválido, expirado ou usuário do token não existe mais');\n});",
              "err": {},
              "uuid": "47f7d84e-1d40-469a-9714-d94a2b839fba",
              "parentUUID": "cd721d99-46c2-41f4-8dbf-f0946886d8fb",
              "isHook": false,
              "skipped": false
            },
            {
              "title": "should search for a cart by ID",
              "fullTitle": "Cart API should search for a cart by ID",
              "timedOut": null,
              "duration": 392,
              "state": "passed",
              "speed": "fast",
              "pass": true,
              "fail": false,
              "pending": false,
              "context": null,
              "code": "cy.createCart({\n  produtos: [{\n    idProduto: productId,\n    quantidade: 1\n  }]\n}, authToken).then(id => {\n  cartId = id;\n  cy.request({\n    method: 'GET',\n    url: `${apiUrl}/${cartId}`,\n    headers: {\n      Authorization: authToken\n    }\n  }).then(response => {\n    expect(response.status).to.eq(200);\n    expect(response.body).to.have.property('_id', cartId);\n    expect(response.body.produtos).to.be.an('array');\n  });\n});",
              "err": {},
              "uuid": "9fcca0a7-fd4c-4b78-bba6-44d2b40b946c",
              "parentUUID": "cd721d99-46c2-41f4-8dbf-f0946886d8fb",
              "isHook": false,
              "skipped": false
            },
            {
              "title": "should not find a cart with an invalid ID",
              "fullTitle": "Cart API should not find a cart with an invalid ID",
              "timedOut": null,
              "duration": 174,
              "state": "passed",
              "speed": "fast",
              "pass": true,
              "fail": false,
              "pending": false,
              "context": null,
              "code": "cy.request({\n  method: 'GET',\n  url: `${apiUrl}/invalidCartId555`,\n  failOnStatusCode: false\n}).then(response => {\n  expect(response.status).to.eq(400);\n});",
              "err": {},
              "uuid": "c9ea71d7-07a4-4d61-9c8a-2857eb84d570",
              "parentUUID": "cd721d99-46c2-41f4-8dbf-f0946886d8fb",
              "isHook": false,
              "skipped": false
            }
          ],
          "suites": [],
          "passes": [
            "0b8b6e00-e301-422e-99f8-64e4723d9798",
            "338506cc-a650-4094-a8ec-9f9836f60e56",
            "aced104e-99a4-469b-a1ad-323302fa255f",
            "b9e98e29-fe87-4028-8e36-c0dde8d15a92",
            "5965cd95-c79f-4c1c-855d-216dde3358b1",
            "30bf0a4a-169b-4f82-9f2a-f9cf8888dcb9",
            "d5fc99b7-8177-4868-8a8c-91201a92f3e8",
            "e1e4ea0b-3050-42fd-8cee-6411b092551c",
            "3b102202-7149-48dc-828f-61eafcb49fe5",
            "47f7d84e-1d40-469a-9714-d94a2b839fba",
            "9fcca0a7-fd4c-4b78-bba6-44d2b40b946c",
            "c9ea71d7-07a4-4d61-9c8a-2857eb84d570"
          ],
          "failures": [],
          "pending": [],
          "skipped": [],
          "duration": 3340,
          "root": false,
          "rootEmpty": false,
          "_timeout": 2000
        }
      ],
      "passes": [],
      "failures": [],
      "pending": [],
      "skipped": [],
      "duration": 0,
      "root": true,
      "rootEmpty": true,
      "_timeout": 2000
    }
  ],
  "meta": {
    "mocha": {
      "version": "7.2.0"
    },
    "mochawesome": {
      "options": {
        "quiet": false,
        "reportFilename": "mochawesome",
        "saveHtml": false,
        "saveJson": true,
        "consoleReporter": "spec",
        "useInlineDiffs": false,
        "code": true
      },
      "version": "7.1.4"
    },
    "marge": {
      "options": {
        "reportDir": "cypress/reports/mocha",
        "overwrite": false,
        "html": false,
        "json": true
      },
      "version": "6.3.2"
    }
  }
}