{
  "stats": {
    "suites": 4,
    "tests": 37,
    "passes": 37,
    "pending": 0,
    "failures": 0,
    "testsRegistered": 37,
    "passPercent": 100,
    "pendingPercent": 0,
    "other": 0,
    "hasOther": false,
    "skipped": 0,
    "hasSkipped": false,
    "start": "2026-03-02T22:31:14.270Z",
    "end": "2026-03-02T22:31:32.430Z",
    "duration": 18160
  },
  "results": [
    {
      "uuid": "4aec4362-7d57-47a4-b72e-f919d2a595c8",
      "title": "",
      "fullFile": "cypress\\e2e\\carts.cy.js",
      "file": "cypress\\e2e\\carts.cy.js",
      "beforeHooks": [],
      "afterHooks": [],
      "tests": [],
      "suites": [
        {
          "uuid": "cd721d99-46c2-41f4-8dbf-f0946886d8fb",
          "title": "Cart API",
          "fullFile": "",
          "file": "",
          "beforeHooks": [],
          "afterHooks": [],
          "tests": [
            {
              "title": "should create a new cart",
              "fullTitle": "Cart API should create a new cart",
              "timedOut": null,
              "duration": 920,
              "state": "passed",
              "speed": "fast",
              "pass": true,
              "fail": false,
              "pending": false,
              "context": null,
              "code": "cy.request({\n  method: 'POST',\n  url: apiUrl,\n  headers: {\n    Authorization: authToken\n  },\n  body: {\n    produtos: [{\n      idProduto: productId,\n      quantidade: 2\n    }]\n  }\n}).then(response => {\n  cartId = response.body._id;\n  expect(response.status).to.eq(201);\n  expect(response.body.message).to.eq('Cadastro realizado com sucesso');\n  expect(response.body).to.have.property('_id').that.is.a('string');\n  cy.deleteCart(cartId, authToken); // Clean up by deleting the cart after test\n});",
              "err": {},
              "uuid": "0b8b6e00-e301-422e-99f8-64e4723d9798",
              "parentUUID": "cd721d99-46c2-41f4-8dbf-f0946886d8fb",
              "isHook": false,
              "skipped": false
            },
            {
              "title": "should not create a cart without an existing product",
              "fullTitle": "Cart API should not create a cart without an existing product",
              "timedOut": null,
              "duration": 186,
              "state": "passed",
              "speed": "fast",
              "pass": true,
              "fail": false,
              "pending": false,
              "context": null,
              "code": "cy.request({\n  method: 'POST',\n  url: apiUrl,\n  headers: {\n    Authorization: authToken\n  },\n  body: {\n    produtos: [{\n      idProduto: 'emptyproductid12',\n      quantidade: 1\n    }]\n  },\n  failOnStatusCode: false\n}).then(response => {\n  expect(response.status).to.eq(400);\n  expect(response.body.message).to.eq('Produto não encontrado');\n});",
              "err": {},
              "uuid": "338506cc-a650-4094-a8ec-9f9836f60e56",
              "parentUUID": "cd721d99-46c2-41f4-8dbf-f0946886d8fb",
              "isHook": false,
              "skipped": false
            },
            {
              "title": "should not create a cart with more products than available in stock",
              "fullTitle": "Cart API should not create a cart with more products than available in stock",
              "timedOut": null,
              "duration": 182,
              "state": "passed",
              "speed": "fast",
              "pass": true,
              "fail": false,
              "pending": false,
              "context": null,
              "code": "cy.request({\n  method: 'POST',\n  url: apiUrl,\n  headers: {\n    Authorization: authToken\n  },\n  body: {\n    produtos: [{\n      idProduto: productId,\n      quantidade: 1000\n    }]\n  },\n  failOnStatusCode: false\n}).then(response => {\n  expect(response.status).to.eq(400);\n  expect(response.body.message).to.eq('Produto não possui quantidade suficiente');\n});",
              "err": {},
              "uuid": "aced104e-99a4-469b-a1ad-323302fa255f",
              "parentUUID": "cd721d99-46c2-41f4-8dbf-f0946886d8fb",
              "isHook": false,
              "skipped": false
            },
            {
              "title": "should not let duplicate products in the same cart",
              "fullTitle": "Cart API should not let duplicate products in the same cart",
              "timedOut": null,
              "duration": 179,
              "state": "passed",
              "speed": "fast",
              "pass": true,
              "fail": false,
              "pending": false,
              "context": null,
              "code": "cy.request({\n  method: 'POST',\n  url: apiUrl,\n  headers: {\n    Authorization: authToken\n  },\n  body: {\n    produtos: [{\n      idProduto: productId,\n      quantidade: 1\n    }, {\n      idProduto: productId,\n      quantidade: 1\n    }]\n  },\n  failOnStatusCode: false\n}).then(response => {\n  expect(response.status).to.eq(400);\n  expect(response.body.message).to.eq('Não é permitido possuir produto duplicado');\n});",
              "err": {},
              "uuid": "b9e98e29-fe87-4028-8e36-c0dde8d15a92",
              "parentUUID": "cd721d99-46c2-41f4-8dbf-f0946886d8fb",
              "isHook": false,
              "skipped": false
            },
            {
              "title": "should not let create more than one cart",
              "fullTitle": "Cart API should not let create more than one cart",
              "timedOut": null,
              "duration": 358,
              "state": "passed",
              "speed": "fast",
              "pass": true,
              "fail": false,
              "pending": false,
              "context": null,
              "code": "cy.createCart({\n  produtos: [{\n    idProduto: productId,\n    quantidade: 1\n  }]\n}, authToken).then(id => {\n  cartId = id;\n});\ncy.request({\n  method: 'POST',\n  url: apiUrl,\n  headers: {\n    Authorization: authToken\n  },\n  body: {\n    produtos: [{\n      idProduto: productId,\n      quantidade: 1\n    }]\n  },\n  failOnStatusCode: false\n}).then(response => {\n  expect(response.status).to.eq(400);\n  expect(response.body.message).to.eq('Não é permitido ter mais de 1 carrinho');\n});",
              "err": {},
              "uuid": "5965cd95-c79f-4c1c-855d-216dde3358b1",
              "parentUUID": "cd721d99-46c2-41f4-8dbf-f0946886d8fb",
              "isHook": false,
              "skipped": false
            },
            {
              "title": "should list all carts",
              "fullTitle": "Cart API should list all carts",
              "timedOut": null,
              "duration": 224,
              "state": "passed",
              "speed": "fast",
              "pass": true,
              "fail": false,
              "pending": false,
              "context": null,
              "code": "cy.request({\n  method: 'GET',\n  url: apiUrl,\n  headers: {\n    Authorization: authToken\n  }\n}).then(response => {\n  expect(response.status).to.eq(200);\n  expect(response.body.quantidade).to.be.a('number');\n  expect(response.body.carrinhos).to.be.an('array');\n});",
              "err": {},
              "uuid": "30bf0a4a-169b-4f82-9f2a-f9cf8888dcb9",
              "parentUUID": "cd721d99-46c2-41f4-8dbf-f0946886d8fb",
              "isHook": false,
              "skipped": false
            },
            {
              "title": "should delete a cart",
              "fullTitle": "Cart API should delete a cart",
              "timedOut": null,
              "duration": 181,
              "state": "passed",
              "speed": "fast",
              "pass": true,
              "fail": false,
              "pending": false,
              "context": null,
              "code": "cy.request({\n  method: 'DELETE',\n  url: `${apiUrl}/cancelar-compra`,\n  headers: {\n    Authorization: authToken\n  }\n}).then(response => {\n  expect(response.status).to.eq(200);\n  expect(response.body.message).to.eq('Registro excluído com sucesso. Estoque dos produtos reabastecido');\n});",
              "err": {},
              "uuid": "d5fc99b7-8177-4868-8a8c-91201a92f3e8",
              "parentUUID": "cd721d99-46c2-41f4-8dbf-f0946886d8fb",
              "isHook": false,
              "skipped": false
            },
            {
              "title": "should not delete a cart that does not exist",
              "fullTitle": "Cart API should not delete a cart that does not exist",
              "timedOut": null,
              "duration": 180,
              "state": "passed",
              "speed": "fast",
              "pass": true,
              "fail": false,
              "pending": false,
              "context": null,
              "code": "cy.request({\n  method: 'DELETE',\n  url: `${apiUrl}/cancelar-compra`,\n  headers: {\n    Authorization: authToken\n  },\n  failOnStatusCode: false\n}).then(response => {\n  expect(response.status).to.eq(200);\n  expect(response.body.message).to.eq('Não foi encontrado carrinho para esse usuário');\n});",
              "err": {},
              "uuid": "e1e4ea0b-3050-42fd-8cee-6411b092551c",
              "parentUUID": "cd721d99-46c2-41f4-8dbf-f0946886d8fb",
              "isHook": false,
              "skipped": false
            },
            {
              "title": "should not delete a cart without authentication",
              "fullTitle": "Cart API should not delete a cart without authentication",
              "timedOut": null,
              "duration": 180,
              "state": "passed",
              "speed": "fast",
              "pass": true,
              "fail": false,
              "pending": false,
              "context": null,
              "code": "cy.request({\n  method: 'DELETE',\n  url: `${apiUrl}/cancelar-compra`,\n  failOnStatusCode: false\n}).then(response => {\n  expect(response.status).to.eq(401);\n  expect(response.body.message).to.eq('Token de acesso ausente, inválido, expirado ou usuário do token não existe mais');\n});",
              "err": {},
              "uuid": "3b102202-7149-48dc-828f-61eafcb49fe5",
              "parentUUID": "cd721d99-46c2-41f4-8dbf-f0946886d8fb",
              "isHook": false,
              "skipped": false
            },
            {
              "title": "should not create a cart without authentication",
              "fullTitle": "Cart API should not create a cart without authentication",
              "timedOut": null,
              "duration": 184,
              "state": "passed",
              "speed": "fast",
              "pass": true,
              "fail": false,
              "pending": false,
              "context": null,
              "code": "cy.request({\n  method: 'POST',\n  url: apiUrl,\n  body: {\n    produtos: [{\n      idProduto: productId,\n      quantidade: 1\n    }]\n  },\n  failOnStatusCode: false\n}).then(response => {\n  expect(response.status).to.eq(401);\n  expect(response.body.message).to.eq('Token de acesso ausente, inválido, expirado ou usuário do token não existe mais');\n});",
              "err": {},
              "uuid": "47f7d84e-1d40-469a-9714-d94a2b839fba",
              "parentUUID": "cd721d99-46c2-41f4-8dbf-f0946886d8fb",
              "isHook": false,
              "skipped": false
            },
            {
              "title": "should search for a cart by ID",
              "fullTitle": "Cart API should search for a cart by ID",
              "timedOut": null,
              "duration": 392,
              "state": "passed",
              "speed": "fast",
              "pass": true,
              "fail": false,
              "pending": false,
              "context": null,
              "code": "cy.createCart({\n  produtos: [{\n    idProduto: productId,\n    quantidade: 1\n  }]\n}, authToken).then(id => {\n  cartId = id;\n  cy.request({\n    method: 'GET',\n    url: `${apiUrl}/${cartId}`,\n    headers: {\n      Authorization: authToken\n    }\n  }).then(response => {\n    expect(response.status).to.eq(200);\n    expect(response.body).to.have.property('_id', cartId);\n    expect(response.body.produtos).to.be.an('array');\n  });\n});",
              "err": {},
              "uuid": "9fcca0a7-fd4c-4b78-bba6-44d2b40b946c",
              "parentUUID": "cd721d99-46c2-41f4-8dbf-f0946886d8fb",
              "isHook": false,
              "skipped": false
            },
            {
              "title": "should not find a cart with an invalid ID",
              "fullTitle": "Cart API should not find a cart with an invalid ID",
              "timedOut": null,
              "duration": 174,
              "state": "passed",
              "speed": "fast",
              "pass": true,
              "fail": false,
              "pending": false,
              "context": null,
              "code": "cy.request({\n  method: 'GET',\n  url: `${apiUrl}/invalidCartId555`,\n  failOnStatusCode: false\n}).then(response => {\n  expect(response.status).to.eq(400);\n});",
              "err": {},
              "uuid": "c9ea71d7-07a4-4d61-9c8a-2857eb84d570",
              "parentUUID": "cd721d99-46c2-41f4-8dbf-f0946886d8fb",
              "isHook": false,
              "skipped": false
            }
          ],
          "suites": [],
          "passes": [
            "0b8b6e00-e301-422e-99f8-64e4723d9798",
            "338506cc-a650-4094-a8ec-9f9836f60e56",
            "aced104e-99a4-469b-a1ad-323302fa255f",
            "b9e98e29-fe87-4028-8e36-c0dde8d15a92",
            "5965cd95-c79f-4c1c-855d-216dde3358b1",
            "30bf0a4a-169b-4f82-9f2a-f9cf8888dcb9",
            "d5fc99b7-8177-4868-8a8c-91201a92f3e8",
            "e1e4ea0b-3050-42fd-8cee-6411b092551c",
            "3b102202-7149-48dc-828f-61eafcb49fe5",
            "47f7d84e-1d40-469a-9714-d94a2b839fba",
            "9fcca0a7-fd4c-4b78-bba6-44d2b40b946c",
            "c9ea71d7-07a4-4d61-9c8a-2857eb84d570"
          ],
          "failures": [],
          "pending": [],
          "skipped": [],
          "duration": 3340,
          "root": false,
          "rootEmpty": false,
          "_timeout": 2000
        }
      ],
      "passes": [],
      "failures": [],
      "pending": [],
      "skipped": [],
      "duration": 0,
      "root": true,
      "rootEmpty": true,
      "_timeout": 2000
    },
    {
      "uuid": "1e197daf-63f6-4d39-a1d4-20098df0b3c7",
      "title": "",
      "fullFile": "cypress\\e2e\\products.cy.js",
      "file": "cypress\\e2e\\products.cy.js",
      "beforeHooks": [],
      "afterHooks": [],
      "tests": [],
      "suites": [
        {
          "uuid": "9b9d4628-052f-4bae-bf31-f71b4f3897d3",
          "title": "Products CRUD API",
          "fullFile": "",
          "file": "",
          "beforeHooks": [],
          "afterHooks": [],
          "tests": [
            {
              "title": "should create a new product",
              "fullTitle": "Products CRUD API should create a new product",
              "timedOut": null,
              "duration": 541,
              "state": "passed",
              "speed": "fast",
              "pass": true,
              "fail": false,
              "pending": false,
              "context": null,
              "code": "originalProductName = `Test Product ${Date.now()}`; // Generate a unique product name\ncy.request({\n  method: 'POST',\n  url: apiUrl,\n  headers: {\n    Authorization: authToken // Use the token for authentication\n  },\n  body: {\n    nome: originalProductName,\n    // Use the unique product name\n    preco: 99,\n    descricao: 'A keyboard with mechanical switches',\n    quantidade: 10\n  }\n}).then(response => {\n  productId = response.body._id;\n  expect(response.status).to.eq(201);\n  expect(response.body.message).to.eq('Cadastro realizado com sucesso');\n  expect(response.body).to.have.property('_id').that.is.a('string');\n});",
              "err": {},
              "uuid": "387c6095-a124-4c15-a4b1-6088ab8d9b6f",
              "parentUUID": "9b9d4628-052f-4bae-bf31-f71b4f3897d3",
              "isHook": false,
              "skipped": false
            },
            {
              "title": "should not create a product with same name",
              "fullTitle": "Products CRUD API should not create a product with same name",
              "timedOut": null,
              "duration": 229,
              "state": "passed",
              "speed": "fast",
              "pass": true,
              "fail": false,
              "pending": false,
              "context": null,
              "code": "cy.request({\n  method: 'POST',\n  url: apiUrl,\n  headers: {\n    Authorization: authToken\n  },\n  body: {\n    nome: originalProductName,\n    // Same name as before\n    preco: 89,\n    descricao: 'Another mechanical keyboard with the same name',\n    quantidade: 5\n  },\n  failOnStatusCode: false\n}).then(response => {\n  expect(response.status).to.eq(400);\n  expect(response.body.message).to.eq('Já existe produto com esse nome');\n});",
              "err": {},
              "uuid": "d7a449a1-c107-4d89-8fba-7df8df28f138",
              "parentUUID": "9b9d4628-052f-4bae-bf31-f71b4f3897d3",
              "isHook": false,
              "skipped": false
            },
            {
              "title": "should not create a product with invalid token",
              "fullTitle": "Products CRUD API should not create a product with invalid token",
              "timedOut": null,
              "duration": 301,
              "state": "passed",
              "speed": "fast",
              "pass": true,
              "fail": false,
              "pending": false,
              "context": null,
              "code": "cy.request({\n  method: 'POST',\n  url: apiUrl,\n  headers: {\n    Authorization: 'Bearer invalidtoken123'\n  },\n  body: {\n    nome: 'Invalid Token Product',\n    preco: 49,\n    descricao: 'This product should not be created',\n    quantidade: 3\n  },\n  failOnStatusCode: false\n}).then(response => {\n  expect(response.status).to.eq(401);\n  expect(response.body.message).to.eq('Token de acesso ausente, inválido, expirado ou usuário do token não existe mais');\n});",
              "err": {},
              "uuid": "bd483080-9bd4-487a-9455-22796e2b735e",
              "parentUUID": "9b9d4628-052f-4bae-bf31-f71b4f3897d3",
              "isHook": false,
              "skipped": false
            },
            {
              "title": "should not create a product with non-admin user token",
              "fullTitle": "Products CRUD API should not create a product with non-admin user token",
              "timedOut": null,
              "duration": 580,
              "state": "passed",
              "speed": "fast",
              "pass": true,
              "fail": false,
              "pending": false,
              "context": null,
              "code": "// First, create a non-admin user and get their token\nconst nonAdminUser = _objectSpread(_objectSpread({}, globalUserData), {}, {\n  administrador: 'false'\n});\nconst nonAdminProductName = `Test Product ${Date.now()}`; // Generate a unique product name for this test\ncy.createUser(nonAdminUser).then(user => {\n  cy.Login(user.email, user.password).then(token => {\n    // Now try to create a product with the non-admin user's token\n    cy.request({\n      method: 'POST',\n      url: apiUrl,\n      headers: {\n        Authorization: token\n      },\n      body: {\n        nome: nonAdminProductName,\n        preco: 59,\n        descricao: 'This product should not be created by non-admin user',\n        quantidade: 7\n      },\n      failOnStatusCode: false\n    }).then(response => {\n      expect(response.status).to.eq(403);\n      expect(response.body.message).to.eq('Rota exclusiva para administradores');\n    });\n  });\n});",
              "err": {},
              "uuid": "eae8d6d8-e876-44e1-907a-c3b204692a8c",
              "parentUUID": "9b9d4628-052f-4bae-bf31-f71b4f3897d3",
              "isHook": false,
              "skipped": false
            },
            {
              "title": "should list all products",
              "fullTitle": "Products CRUD API should list all products",
              "timedOut": null,
              "duration": 359,
              "state": "passed",
              "speed": "fast",
              "pass": true,
              "fail": false,
              "pending": false,
              "context": null,
              "code": "cy.request('GET', apiUrl).then(response => {\n  expect(response.status).to.eq(200);\n  expect(response.body.quantidade).to.be.a('number');\n  expect(response.body.produtos).to.be.an('array');\n  expect(response.body.produtos.length).to.eq(response.body.quantidade);\n});",
              "err": {},
              "uuid": "68b59c28-06e2-427b-8ea5-a95ff63a5291",
              "parentUUID": "9b9d4628-052f-4bae-bf31-f71b4f3897d3",
              "isHook": false,
              "skipped": false
            },
            {
              "title": "should list a product by id",
              "fullTitle": "Products CRUD API should list a product by id",
              "timedOut": null,
              "duration": 211,
              "state": "passed",
              "speed": "fast",
              "pass": true,
              "fail": false,
              "pending": false,
              "context": null,
              "code": "cy.request({\n  method: 'GET',\n  url: `${apiUrl}/${productId}`,\n  failOnStatusCode: false\n}).then(response => {\n  expect(response.status).to.eq(200);\n  expect(response.body._id).to.eq(productId);\n  expect(response.body.nome).to.eq(originalProductName);\n  expect(response.body.preco).to.eq(99);\n});",
              "err": {},
              "uuid": "ef347389-9671-4afb-92ad-c31b48e4474c",
              "parentUUID": "9b9d4628-052f-4bae-bf31-f71b4f3897d3",
              "isHook": false,
              "skipped": false
            },
            {
              "title": "should not list a product with invalid id",
              "fullTitle": "Products CRUD API should not list a product with invalid id",
              "timedOut": null,
              "duration": 223,
              "state": "passed",
              "speed": "fast",
              "pass": true,
              "fail": false,
              "pending": false,
              "context": null,
              "code": "cy.request({\n  method: 'GET',\n  url: `${apiUrl}/invalidId1234567`,\n  // Use an invalid product ID\n  failOnStatusCode: false\n}).then(response => {\n  expect(response.status).to.eq(400);\n  expect(response.body.message).to.eq('Produto não encontrado');\n});",
              "err": {},
              "uuid": "084ece25-0508-47d6-9970-d3b09fbd8ca2",
              "parentUUID": "9b9d4628-052f-4bae-bf31-f71b4f3897d3",
              "isHook": false,
              "skipped": false
            },
            {
              "title": "should filter products by price",
              "fullTitle": "Products CRUD API should filter products by price",
              "timedOut": null,
              "duration": 239,
              "state": "passed",
              "speed": "fast",
              "pass": true,
              "fail": false,
              "pending": false,
              "context": null,
              "code": "cy.request({\n  method: 'GET',\n  url: `${apiUrl}?preco=99`\n}).then(response => {\n  expect(response.status).to.eq(200);\n  expect(response.body.produtos).to.be.an('array');\n  expect(response.body.produtos.length).to.be.greaterThan(0);\n  response.body.produtos.forEach(product => {\n    expect(product.preco).to.eq(99);\n  });\n});",
              "err": {},
              "uuid": "433e6f05-51aa-4682-8152-cbaccbafd034",
              "parentUUID": "9b9d4628-052f-4bae-bf31-f71b4f3897d3",
              "isHook": false,
              "skipped": false
            },
            {
              "title": "should filter products by quantity",
              "fullTitle": "Products CRUD API should filter products by quantity",
              "timedOut": null,
              "duration": 359,
              "state": "passed",
              "speed": "fast",
              "pass": true,
              "fail": false,
              "pending": false,
              "context": null,
              "code": "cy.request({\n  method: 'GET',\n  url: `${apiUrl}?quantidade=10`\n}).then(response => {\n  expect(response.status).to.eq(200);\n  expect(response.body.produtos).to.be.an('array');\n  expect(response.body.produtos.length).to.be.greaterThan(0);\n  response.body.produtos.forEach(product => {\n    expect(product.quantidade).to.eq(10);\n  });\n});",
              "err": {},
              "uuid": "4e181563-c1c6-40a4-8f49-8b468a2da7dc",
              "parentUUID": "9b9d4628-052f-4bae-bf31-f71b4f3897d3",
              "isHook": false,
              "skipped": false
            },
            {
              "title": "should update a product",
              "fullTitle": "Products CRUD API should update a product",
              "timedOut": null,
              "duration": 641,
              "state": "passed",
              "speed": "fast",
              "pass": true,
              "fail": false,
              "pending": false,
              "context": null,
              "code": "const productToUpdate = `Update Test Product ${Date.now()}`; // Generate a unique product name for this test\nconst updatedProductName = `Updated Test Product ${Date.now()}`; // Generate a unique updated product name for this test\n// First, create a product to be updated\ncy.request({\n  method: 'POST',\n  url: apiUrl,\n  headers: {\n    Authorization: authToken\n  },\n  body: {\n    nome: productToUpdate,\n    preco: 59,\n    descricao: 'Original Description for the product to be updated',\n    quantidade: 20\n  }\n}).then(response => {\n  expect(response.status).to.eq(201);\n  const idToUpdate = response.body._id;\n  cy.request({\n    method: 'PUT',\n    url: `${apiUrl}/${idToUpdate}`,\n    headers: {\n      Authorization: authToken\n    },\n    body: {\n      nome: updatedProductName,\n      preco: 79,\n      descricao: 'Updated description for the mechanical keyboard',\n      quantidade: 15\n    }\n  }).then(response => {\n    expect(response.status).to.eq(200);\n    expect(response.body.message).to.eq('Registro alterado com sucesso');\n    // Verify the product is actually updated\n    cy.request({\n      method: 'GET',\n      url: `${apiUrl}/${idToUpdate}`\n    }).then(response => {\n      expect(response.body.nome).to.eq(updatedProductName);\n    });\n  });\n});",
              "err": {},
              "uuid": "ffcc5db4-739e-40c9-a2ff-724ba3e1457d",
              "parentUUID": "9b9d4628-052f-4bae-bf31-f71b4f3897d3",
              "isHook": false,
              "skipped": false
            },
            {
              "title": "should not update a product with same name",
              "fullTitle": "Products CRUD API should not update a product with same name",
              "timedOut": null,
              "duration": 427,
              "state": "passed",
              "speed": "fast",
              "pass": true,
              "fail": false,
              "pending": false,
              "context": null,
              "code": "const productName = `Test Product ${Date.now()}`; // Generate a unique product name for this test\ncy.request({\n  method: 'POST',\n  url: apiUrl,\n  headers: {\n    Authorization: authToken\n  },\n  body: {\n    nome: productName,\n    preco: 59,\n    descricao: 'Another mechanical keyboard for testing',\n    quantidade: 20\n  }\n}).then(response => {\n  expect(response.status).to.eq(201);\n  // Now try to update the first product with the same name as the second product\n  cy.request({\n    method: 'PUT',\n    url: `${apiUrl}/${productId}`,\n    headers: {\n      Authorization: authToken\n    },\n    body: {\n      nome: productName,\n      // Same name as the second product\n      preco: 89,\n      descricao: 'Updated description with duplicate name',\n      quantidade: 5\n    },\n    failOnStatusCode: false\n  }).then(response => {\n    expect(response.status).to.eq(400);\n    expect(response.body.message).to.eq('Já existe produto com esse nome');\n  });\n});",
              "err": {},
              "uuid": "b8dbeb78-9abe-41b1-93ad-f6909991aa8c",
              "parentUUID": "9b9d4628-052f-4bae-bf31-f71b4f3897d3",
              "isHook": false,
              "skipped": false
            },
            {
              "title": "should delete a product",
              "fullTitle": "Products CRUD API should delete a product",
              "timedOut": null,
              "duration": 575,
              "state": "passed",
              "speed": "fast",
              "pass": true,
              "fail": false,
              "pending": false,
              "context": null,
              "code": "const productToDeleteName = `Delete Test Product ${Date.now()}`; // Generate a unique product name for this test\n// First, create a product to be deleted\ncy.request({\n  method: 'POST',\n  url: apiUrl,\n  headers: {\n    Authorization: authToken\n  },\n  body: {\n    nome: productToDeleteName,\n    preco: 49,\n    descricao: 'This product will be deleted in the test',\n    quantidade: 1\n  }\n}).then(response => {\n  const idToDelete = response.body._id; // Store the ID of the product to be deleted\n  // Now delete the product\n  cy.request({\n    method: 'DELETE',\n    url: `${apiUrl}/${idToDelete}`,\n    headers: {\n      Authorization: authToken\n    }\n  }).then(response => {\n    expect(response.status).to.eq(200);\n    expect(response.body.message).to.eq('Registro excluído com sucesso');\n    // Verify the product is actually deleted\n    cy.request({\n      method: 'GET',\n      url: `${apiUrl}/${idToDelete}`,\n      failOnStatusCode: false\n    }).then(response => {\n      expect(response.status).to.eq(400);\n      expect(response.body.message).to.eq('Produto não encontrado');\n    });\n  });\n});",
              "err": {},
              "uuid": "b9e3425c-6034-4ee5-bdf7-940458c2cead",
              "parentUUID": "9b9d4628-052f-4bae-bf31-f71b4f3897d3",
              "isHook": false,
              "skipped": false
            },
            {
              "title": "should not delete a product that is in a cart",
              "fullTitle": "Products CRUD API should not delete a product that is in a cart",
              "timedOut": null,
              "duration": 903,
              "state": "passed",
              "speed": "fast",
              "pass": true,
              "fail": false,
              "pending": false,
              "context": null,
              "code": "let cartId;\nconst productInCartName = `Cart Product ${Date.now()}`; // Generate a unique product name for this test\n// First, create a product to be added to cart\ncy.request({\n  method: 'POST',\n  url: apiUrl,\n  headers: {\n    Authorization: authToken\n  },\n  body: {\n    nome: productInCartName,\n    preco: 59,\n    descricao: 'This product will be added to cart and should not be deleted',\n    quantidade: 20\n  }\n}).then(response => {\n  const productInCartId = response.body._id; // Store the ID of the product to be added to cart\n  // Add the product to cart\n  cy.request({\n    method: 'POST',\n    url: '/carrinhos',\n    headers: {\n      Authorization: authToken\n    },\n    body: {\n      produtos: [{\n        idProduto: productInCartId,\n        quantidade: 1\n      }]\n    }\n  }).then(response => {\n    cartId = response.body._id; // Store the cart ID for cleanup\n    // Now try to delete the product that is in the cart\n    cy.request({\n      method: 'DELETE',\n      url: `${apiUrl}/${productInCartId}`,\n      headers: {\n        Authorization: authToken\n      },\n      failOnStatusCode: false\n    }).then(response => {\n      expect(response.status).to.eq(400);\n      expect(response.body.message).to.eq('Não é permitido excluir produto que faz parte de carrinho');\n      // Cleanup: delete the cart and then the product\n      cy.deleteCart(cartId, authToken).then(() => {\n        cy.request({\n          method: 'DELETE',\n          url: `${apiUrl}/${productInCartId}`,\n          headers: {\n            Authorization: authToken\n          }\n        }).then(response => {\n          expect(response.status).to.eq(200);\n        });\n      });\n    });\n  });\n});",
              "err": {},
              "uuid": "2e115343-6128-4416-ad40-c7495acd85b2",
              "parentUUID": "9b9d4628-052f-4bae-bf31-f71b4f3897d3",
              "isHook": false,
              "skipped": false
            }
          ],
          "suites": [],
          "passes": [
            "387c6095-a124-4c15-a4b1-6088ab8d9b6f",
            "d7a449a1-c107-4d89-8fba-7df8df28f138",
            "bd483080-9bd4-487a-9455-22796e2b735e",
            "eae8d6d8-e876-44e1-907a-c3b204692a8c",
            "68b59c28-06e2-427b-8ea5-a95ff63a5291",
            "ef347389-9671-4afb-92ad-c31b48e4474c",
            "084ece25-0508-47d6-9970-d3b09fbd8ca2",
            "433e6f05-51aa-4682-8152-cbaccbafd034",
            "4e181563-c1c6-40a4-8f49-8b468a2da7dc",
            "ffcc5db4-739e-40c9-a2ff-724ba3e1457d",
            "b8dbeb78-9abe-41b1-93ad-f6909991aa8c",
            "b9e3425c-6034-4ee5-bdf7-940458c2cead",
            "2e115343-6128-4416-ad40-c7495acd85b2"
          ],
          "failures": [],
          "pending": [],
          "skipped": [],
          "duration": 5588,
          "root": false,
          "rootEmpty": false,
          "_timeout": 2000
        }
      ],
      "passes": [],
      "failures": [],
      "pending": [],
      "skipped": [],
      "duration": 0,
      "root": true,
      "rootEmpty": true,
      "_timeout": 2000
    },
    {
      "uuid": "22ea4c34-6a15-410c-8205-2419d7288736",
      "title": "",
      "fullFile": "cypress\\e2e\\users.cy.js",
      "file": "cypress\\e2e\\users.cy.js",
      "beforeHooks": [],
      "afterHooks": [],
      "tests": [],
      "suites": [
        {
          "uuid": "04707f91-5090-4b0a-a631-ded27007eb14",
          "title": "Users CRUD API",
          "fullFile": "",
          "file": "",
          "beforeHooks": [],
          "afterHooks": [],
          "tests": [
            {
              "title": "should create a new user",
              "fullTitle": "Users CRUD API should create a new user",
              "timedOut": null,
              "duration": 191,
              "state": "passed",
              "speed": "fast",
              "pass": true,
              "fail": false,
              "pending": false,
              "context": null,
              "code": "cy.request({\n  method: 'POST',\n  url: apiUrl,\n  body: {\n    nome: 'DTestUser-Gilgamesh',\n    email: `gilgameshtestxD@testapi.com`,\n    password: '1vaaavv23112',\n    administrador: 'true'\n  }\n}).then(response => {\n  cy.log(JSON.stringify(response.body));\n  userId = response.body._id; // Store user ID for later tests\n  expect(response.status).to.eq(201);\n  expect(response.body.message).to.eq('Cadastro realizado com sucesso');\n  expect(response.body._id).to.eq(userId);\n});",
              "err": {},
              "uuid": "ebd252ba-63a1-4f6f-84a4-b7adf5663f17",
              "parentUUID": "04707f91-5090-4b0a-a631-ded27007eb14",
              "isHook": false,
              "skipped": false
            },
            {
              "title": "should fail to create a user with existing email",
              "fullTitle": "Users CRUD API should fail to create a user with existing email",
              "timedOut": null,
              "duration": 179,
              "state": "passed",
              "speed": "fast",
              "pass": true,
              "fail": false,
              "pending": false,
              "context": null,
              "code": "cy.request({\n  method: 'POST',\n  url: apiUrl,\n  body: {\n    nome: 'FTestUser-Gilgamesh',\n    email: 'gilgameshtestxD@testapi.com',\n    // Use the same email as before\n    password: '1vvvvv23112',\n    administrador: 'true'\n  },\n  failOnStatusCode: false\n}).then(response => {\n  expect(response.status).to.eq(400);\n  expect(response.body.message).to.eq('Este email já está sendo usado');\n});",
              "err": {},
              "uuid": "927e3fbb-92de-46cd-b4c1-ad76a1858dba",
              "parentUUID": "04707f91-5090-4b0a-a631-ded27007eb14",
              "isHook": false,
              "skipped": false
            },
            {
              "title": "should list all users",
              "fullTitle": "Users CRUD API should list all users",
              "timedOut": null,
              "duration": 224,
              "state": "passed",
              "speed": "fast",
              "pass": true,
              "fail": false,
              "pending": false,
              "context": null,
              "code": "cy.request('GET', apiUrl).then(response => {\n  expect(response.status).to.eq(200);\n  expect(response.body.quantidade).to.be.a('number');\n  expect(response.body.usuarios).to.be.an('array');\n});",
              "err": {},
              "uuid": "bfe22567-a4cb-4c7e-8886-6d20115bffb3",
              "parentUUID": "04707f91-5090-4b0a-a631-ded27007eb14",
              "isHook": false,
              "skipped": false
            },
            {
              "title": "should list an user by id",
              "fullTitle": "Users CRUD API should list an user by id",
              "timedOut": null,
              "duration": 173,
              "state": "passed",
              "speed": "fast",
              "pass": true,
              "fail": false,
              "pending": false,
              "context": null,
              "code": "cy.request({\n  method: 'GET',\n  url: `${apiUrl}/${userId}`,\n  failOnStatusCode: false\n}).then(response => {\n  expect(response.status).to.eq(200);\n  expect(response.body._id).to.eq(userId);\n  expect(response.body.nome).to.eq('DTestUser-Gilgamesh');\n  expect(response.body.email).to.eq('gilgameshtestxD@testapi.com');\n});",
              "err": {},
              "uuid": "031ef296-d3e2-4ecc-a148-1995f495f7c5",
              "parentUUID": "04707f91-5090-4b0a-a631-ded27007eb14",
              "isHook": false,
              "skipped": false
            },
            {
              "title": "should fail to list an user with invalid id",
              "fullTitle": "Users CRUD API should fail to list an user with invalid id",
              "timedOut": null,
              "duration": 195,
              "state": "passed",
              "speed": "fast",
              "pass": true,
              "fail": false,
              "pending": false,
              "context": null,
              "code": "cy.request({\n  method: 'GET',\n  url: `${apiUrl}/GxxeufdelPG0dpPC`,\n  // Use an invalid user ID\n  failOnStatusCode: false\n}).then(response => {\n  expect(response.status).to.eq(400);\n  expect(response.body.message).to.eq('Usuário não encontrado');\n});",
              "err": {},
              "uuid": "0945ac1f-171e-405e-8be6-6ad5227b397b",
              "parentUUID": "04707f91-5090-4b0a-a631-ded27007eb14",
              "isHook": false,
              "skipped": false
            },
            {
              "title": "should update an user",
              "fullTitle": "Users CRUD API should update an user",
              "timedOut": null,
              "duration": 180,
              "state": "passed",
              "speed": "fast",
              "pass": true,
              "fail": false,
              "pending": false,
              "context": null,
              "code": "cy.request({\n  method: 'PUT',\n  url: `${apiUrl}/${userId}`,\n  body: {\n    nome: 'DTestUser-Gilgamesh-Updated',\n    email: 'gilgameshtestxD-updated@testapi.com',\n    password: '1vaaavv23112',\n    administrador: 'true'\n  }\n}).then(response => {\n  expect(response.status).to.eq(200);\n  expect(response.body.message).to.eq('Registro alterado com sucesso');\n});",
              "err": {},
              "uuid": "2c3f7c96-7d77-4e10-a4a6-0a8835a37553",
              "parentUUID": "04707f91-5090-4b0a-a631-ded27007eb14",
              "isHook": false,
              "skipped": false
            },
            {
              "title": "should fail to update an user with already used email",
              "fullTitle": "Users CRUD API should fail to update an user with already used email",
              "timedOut": null,
              "duration": 358,
              "state": "passed",
              "speed": "fast",
              "pass": true,
              "fail": false,
              "pending": false,
              "context": null,
              "code": "//Create another user to have an email to test the update with existing email scenario\nconst secondEmail = `user_${Date.now()}@testapi.com`;\ncy.request({\n  method: 'POST',\n  url: apiUrl,\n  body: {\n    nome: 'Another User',\n    email: secondEmail,\n    password: '1vaaavv23112',\n    administrador: 'true'\n  }\n}).then(response => {});\n// Attempt to update the first user with the email of the second user\ncy.request({\n  method: 'PUT',\n  url: `${apiUrl}/${userId}`,\n  body: {\n    nome: 'Another User Updated',\n    email: secondEmail,\n    // Use an already existing email\n    password: '1vaaavv23112',\n    administrador: 'true'\n  },\n  failOnStatusCode: false\n}).then(response => {\n  expect(response.status).to.eq(400);\n  expect(response.body.message).to.eq('Este email já está sendo usado');\n});",
              "err": {},
              "uuid": "49432c9f-1204-4320-baec-4a91837db12d",
              "parentUUID": "04707f91-5090-4b0a-a631-ded27007eb14",
              "isHook": false,
              "skipped": false
            },
            {
              "title": "should delete an user",
              "fullTitle": "Users CRUD API should delete an user",
              "timedOut": null,
              "duration": 369,
              "state": "passed",
              "speed": "fast",
              "pass": true,
              "fail": false,
              "pending": false,
              "context": null,
              "code": "cy.deleteUser(userId).then(() => {\n  // Check if the user was deleted by trying to get the user data\n  cy.request({\n    method: 'GET',\n    url: `${apiUrl}/${userId}`,\n    failOnStatusCode: false\n  }).then(response => {\n    expect(response.status).to.eq(400);\n    expect(response.body.message).to.eq('Usuário não encontrado');\n  });\n});",
              "err": {},
              "uuid": "3ab5a602-bd57-4f8c-b7bf-7777144ee572",
              "parentUUID": "04707f91-5090-4b0a-a631-ded27007eb14",
              "isHook": false,
              "skipped": false
            },
            {
              "title": "should fail to delete an user with invalid id",
              "fullTitle": "Users CRUD API should fail to delete an user with invalid id",
              "timedOut": null,
              "duration": 189,
              "state": "passed",
              "speed": "fast",
              "pass": true,
              "fail": false,
              "pending": false,
              "context": null,
              "code": "cy.request({\n  method: 'DELETE',\n  url: `${apiUrl}/GxxeufdelPG0dpPC`,\n  // Use an invalid user ID\n  failOnStatusCode: false\n}).then(response => {\n  expect(response.status).to.eq(200);\n  expect(response.body.message).to.eq('Nenhum registro excluído');\n});",
              "err": {},
              "uuid": "5f18c7ab-7397-4db9-afc9-0c42ced7e877",
              "parentUUID": "04707f91-5090-4b0a-a631-ded27007eb14",
              "isHook": false,
              "skipped": false
            },
            {
              "title": "should not delete an user with cart not empty",
              "fullTitle": "Users CRUD API should not delete an user with cart not empty",
              "timedOut": null,
              "duration": 1070,
              "state": "passed",
              "speed": "fast",
              "pass": true,
              "fail": false,
              "pending": false,
              "context": null,
              "code": "let authToken;\nlet productId;\n// Create a user, login, create a product, add to cart and then try to delete the user\ncy.fixture('user').then(userData => {\n  const uniqueEmail = `user_${Date.now()}@testapi.com`;\n  cy.createUser(_objectSpread({}, userData)).then(({\n    email,\n    password,\n    userId\n  }) => {\n    const newUserId = userId; // Store the new user ID for use in cart tests\n    cy.Login(email, password).then(token => {\n      authToken = token; // Store the token for use in subsequent requests\n      // Create a product to be added to cart\n      cy.fixture('product').then(productData => {\n        const uniqueProductName = `Mouse Logitech ${Date.now()}`;\n        cy.createProduct(_objectSpread(_objectSpread({}, productData), {}, {\n          nome: uniqueProductName\n        }), authToken).then(id => {\n          productId = id; // Store product ID for use in cart tests\n          // Add product to cart\n          cy.request({\n            method: 'POST',\n            url: '/carrinhos',\n            headers: {\n              Authorization: authToken\n            },\n            body: {\n              produtos: [{\n                idProduto: productId,\n                quantidade: 1\n              }]\n            }\n          }).then(response => {\n            expect(response.status).to.eq(201);\n            expect(response.body.message).to.eq('Cadastro realizado com sucesso');\n            cy.deleteUser(newUserId).then(() => {\n              // Check if the user was deleted or not based on the response of deleteUser command\n              cy.request({\n                method: 'GET',\n                url: `${apiUrl}/${newUserId}`,\n                failOnStatusCode: false\n              }).then(response => {\n                expect(response.status).to.eq(200);\n                expect(response.body._id).to.eq(newUserId); // If user is not deleted, it should return the user data\n              });\n            });\n          });\n        });\n      });\n    });\n  });\n});",
              "err": {},
              "uuid": "138a5a3e-a372-41d6-a16a-a990371afb2d",
              "parentUUID": "04707f91-5090-4b0a-a631-ded27007eb14",
              "isHook": false,
              "skipped": false
            }
          ],
          "suites": [],
          "passes": [
            "ebd252ba-63a1-4f6f-84a4-b7adf5663f17",
            "927e3fbb-92de-46cd-b4c1-ad76a1858dba",
            "bfe22567-a4cb-4c7e-8886-6d20115bffb3",
            "031ef296-d3e2-4ecc-a148-1995f495f7c5",
            "0945ac1f-171e-405e-8be6-6ad5227b397b",
            "2c3f7c96-7d77-4e10-a4a6-0a8835a37553",
            "49432c9f-1204-4320-baec-4a91837db12d",
            "3ab5a602-bd57-4f8c-b7bf-7777144ee572",
            "5f18c7ab-7397-4db9-afc9-0c42ced7e877",
            "138a5a3e-a372-41d6-a16a-a990371afb2d"
          ],
          "failures": [],
          "pending": [],
          "skipped": [],
          "duration": 3128,
          "root": false,
          "rootEmpty": false,
          "_timeout": 2000
        }
      ],
      "passes": [],
      "failures": [],
      "pending": [],
      "skipped": [],
      "duration": 0,
      "root": true,
      "rootEmpty": true,
      "_timeout": 2000
    },
    {
      "uuid": "0c44268b-763a-405d-9577-cd6cca59e66c",
      "title": "",
      "fullFile": "cypress\\e2e\\auth.cy.js",
      "file": "cypress\\e2e\\auth.cy.js",
      "beforeHooks": [],
      "afterHooks": [],
      "tests": [],
      "suites": [
        {
          "uuid": "a9ba4329-80ad-49a9-bf39-0f4ea29c0906",
          "title": "Auth API",
          "fullFile": "",
          "file": "",
          "beforeHooks": [],
          "afterHooks": [],
          "tests": [
            {
              "title": "should login via API and authenticate user",
              "fullTitle": "Auth API should login via API and authenticate user",
              "timedOut": null,
              "duration": 594,
              "state": "passed",
              "speed": "fast",
              "pass": true,
              "fail": false,
              "pending": false,
              "context": null,
              "code": "cy.createUser(this.userData).then(user => {\n  cy.request({\n    method: 'POST',\n    url: '/login',\n    body: {\n      email: user.email,\n      password: user.password\n    }\n  }).then(response => {\n    expect(response.status).to.eq(200);\n    expect(response.body).to.have.property('authorization').and.to.be.a('string');\n    // Store token for subsequent requests\n    cy.window().then(win => {\n      win.localStorage.setItem('authToken', response.body.authorization);\n    });\n  });\n});",
              "err": {},
              "uuid": "47716e23-4373-44eb-a612-0ada339379c0",
              "parentUUID": "a9ba4329-80ad-49a9-bf39-0f4ea29c0906",
              "isHook": false,
              "skipped": false
            },
            {
              "title": "should fail to login with invalid credentials",
              "fullTitle": "Auth API should fail to login with invalid credentials",
              "timedOut": null,
              "duration": 179,
              "state": "passed",
              "speed": "fast",
              "pass": true,
              "fail": false,
              "pending": false,
              "context": null,
              "code": "cy.request({\n  method: 'POST',\n  url: '/login',\n  body: {\n    email: 'invalid@example.com',\n    password: 'wrongpassword'\n  },\n  failOnStatusCode: false\n}).then(response => {\n  expect(response.status).to.eq(401);\n});",
              "err": {},
              "uuid": "8194941d-ce4e-4b00-9d83-75137ffdf6ac",
              "parentUUID": "a9ba4329-80ad-49a9-bf39-0f4ea29c0906",
              "isHook": false,
              "skipped": false
            }
          ],
          "suites": [],
          "passes": [
            "47716e23-4373-44eb-a612-0ada339379c0",
            "8194941d-ce4e-4b00-9d83-75137ffdf6ac"
          ],
          "failures": [],
          "pending": [],
          "skipped": [],
          "duration": 773,
          "root": false,
          "rootEmpty": false,
          "_timeout": 2000
        }
      ],
      "passes": [],
      "failures": [],
      "pending": [],
      "skipped": [],
      "duration": 0,
      "root": true,
      "rootEmpty": true,
      "_timeout": 2000
    }
  ],
  "meta": {
    "mocha": {
      "version": "7.2.0"
    },
    "mochawesome": {
      "options": {
        "quiet": false,
        "reportFilename": "mochawesome",
        "saveHtml": false,
        "saveJson": true,
        "consoleReporter": "spec",
        "useInlineDiffs": false,
        "code": true
      },
      "version": "7.1.4"
    },
    "marge": {
      "options": {
        "reportDir": "cypress/reports/mocha",
        "overwrite": false,
        "html": false,
        "json": true
      },
      "version": "6.3.2"
    }
  }
}